  [4;36;1mSQL (0.3ms)[0m   [0;1m SELECT name
 FROM sqlite_master
 WHERE type = 'table' AND NOT name = 'sqlite_sequence'
[0m
  [4;35;1mSQL (0.2ms)[0m   [0mselect sqlite_version(*)[0m
  [4;36;1mSQL (2.2ms)[0m   [0;1mCREATE TABLE "schema_migrations" ("version" varchar(255) NOT NULL) [0m
  [4;35;1mSQL (1.0ms)[0m   [0mCREATE UNIQUE INDEX "unique_schema_migrations" ON "schema_migrations" ("version")[0m
  [4;36;1mSQL (0.2ms)[0m   [0;1m SELECT name
 FROM sqlite_master
 WHERE type = 'table' AND NOT name = 'sqlite_sequence'
[0m
  [4;35;1mSQL (0.2ms)[0m   [0mSELECT version FROM schema_migrations[0m
Migrating to CreateUsers (20090609010500)
  [4;36;1mSQL (0.6ms)[0m   [0;1mCREATE TABLE "users" ("id" INTEGER PRIMARY KEY AUTOINCREMENT NOT NULL, "username" varchar(255), "email" varchar(255), "crypted_password" varchar(255), "password_salt" varchar(255), "persistence_token" varchar(255), "created_at" datetime, "updated_at" datetime) [0m
  [4;35;1mSQL (0.2ms)[0m   [0mINSERT INTO schema_migrations (version) VALUES ('20090609010500')[0m
  [4;36;1mSQL (0.3ms)[0m   [0;1m SELECT name
 FROM sqlite_master
 WHERE type = 'table' AND NOT name = 'sqlite_sequence'
[0m
  [4;35;1mSQL (0.2ms)[0m   [0mSELECT version FROM schema_migrations[0m
  [4;36;1mSQL (0.3ms)[0m   [0;1m SELECT name
 FROM sqlite_master
 WHERE type = 'table' AND NOT name = 'sqlite_sequence'
[0m
  [4;35;1mSQL (0.1ms)[0m   [0mPRAGMA index_list("users")[0m


Processing UsersController#new (for 127.0.0.1 at 2009-06-08 21:09:43) [GET]
Rendering template within layouts/application
Rendering users/new
Rendered users/_form (6.9ms)
Completed in 26ms (View: 17, DB: 0) | 200 OK [http://localhost/users/new]


Processing UsersController#new (for 127.0.0.1 at 2009-06-08 21:11:20) [GET]
Rendering template within layouts/application
Rendering users/new
Rendered users/_form (4.4ms)
Completed in 17ms (View: 8, DB: 0) | 200 OK [http://localhost/users/new]


Processing UsersController#create (for 127.0.0.1 at 2009-06-08 21:11:33) [POST]
  Parameters: {"user"=>{"password_confirmation"=>"fb_sandy1984", "username"=>"frankbardon", "password"=>"fb_sandy1984", "email"=>"frankbardon@gmail.com"}, "commit"=>"Submit", "authenticity_token"=>"YDZalOe24hPdumkSgm1bo+pmnosUuZyFbY65WTF6rMI="}
  [4;36;1mUser Exists (0.2ms)[0m   [0;1mSELECT "users".id FROM "users" WHERE (LOWER("users"."email") = 'frankbardon@gmail.com') LIMIT 1[0m
  [4;35;1mUser Exists (0.1ms)[0m   [0mSELECT "users".id FROM "users" WHERE (LOWER("users"."username") = 'frankbardon') LIMIT 1[0m
  [4;36;1mUser Exists (0.1ms)[0m   [0;1mSELECT "users".id FROM "users" WHERE ("users"."persistence_token" = '7805116d1ac223e16aace18cb539888c8a97c9f3ebe26ac397255948c0b6e2e963fa5c85661f64ce91e02f209e3e2af57e700bcaae6cd7da721067b6adcf5a6b') LIMIT 1[0m
  [4;35;1mUser Create (0.4ms)[0m   [0mINSERT INTO "users" ("updated_at", "crypted_password", "username", "password_salt", "persistence_token", "email", "created_at") VALUES('2009-06-09 01:11:34', '3515c83247344afbadebe0c79b43d938ca0748c6d06da8d03dd7cfd8a3d7747ec1a39609e13f2fc52397b95ea737c00fd6ac846375c5c999bf2adcabb21de6e3', 'frankbardon', 'k8x0nMQpONxr_ayWvJQ6', '7805116d1ac223e16aace18cb539888c8a97c9f3ebe26ac397255948c0b6e2e963fa5c85661f64ce91e02f209e3e2af57e700bcaae6cd7da721067b6adcf5a6b', 'frankbardon@gmail.com', '2009-06-09 01:11:34')[0m

NameError (undefined local variable or method `root_url' for #<UsersController:0x25877d8>):
  app/controllers/users_controller.rb:10:in `create'

Rendered rescues/_trace (37.8ms)
Rendered rescues/_request_and_response (1.7ms)
Rendering rescues/layout (internal_server_error)
/!\ FAILSAFE /!\  Mon Jun 08 21:13:03 -0400 2009
  Status: 500 Internal Server Error
  undefined method `except' for "/":String
    /Users/frankbardon/.gem/ruby/1.8/gems/actionpack-2.3.2/lib/action_controller/routing/builder.rb:58:in `divide_route_options'
    /Users/frankbardon/.gem/ruby/1.8/gems/actionpack-2.3.2/lib/action_controller/routing/builder.rb:166:in `build'
    /Users/frankbardon/.gem/ruby/1.8/gems/actionpack-2.3.2/lib/action_controller/routing/route_set.rb:308:in `add_route'
    /Users/frankbardon/.gem/ruby/1.8/gems/actionpack-2.3.2/lib/action_controller/routing/route_set.rb:316:in `add_named_route'
    /Users/frankbardon/.gem/ruby/1.8/gems/actionpack-2.3.2/lib/action_controller/routing/route_set.rb:33:in `named_route'
    /Users/frankbardon/.gem/ruby/1.8/gems/actionpack-2.3.2/lib/action_controller/routing/route_set.rb:29:in `root'
    /Users/frankbardon/ruby/idea/config/routes.rb:4
    /Users/frankbardon/.gem/ruby/1.8/gems/actionpack-2.3.2/lib/action_controller/routing/route_set.rb:226:in `draw'
    /Users/frankbardon/ruby/idea/config/routes.rb:1
    /Users/frankbardon/.gem/ruby/1.8/gems/activesupport-2.3.2/lib/active_support/dependencies.rb:145:in `load_without_new_constant_marking'
    /Users/frankbardon/.gem/ruby/1.8/gems/activesupport-2.3.2/lib/active_support/dependencies.rb:145:in `load'
    /Users/frankbardon/.gem/ruby/1.8/gems/activesupport-2.3.2/lib/active_support/dependencies.rb:521:in `new_constants_in'
    /Users/frankbardon/.gem/ruby/1.8/gems/activesupport-2.3.2/lib/active_support/dependencies.rb:145:in `load'
    /Users/frankbardon/.gem/ruby/1.8/gems/actionpack-2.3.2/lib/action_controller/routing/route_set.rb:286:in `load_routes!'
    /Users/frankbardon/.gem/ruby/1.8/gems/actionpack-2.3.2/lib/action_controller/routing/route_set.rb:286:in `each'
    /Users/frankbardon/.gem/ruby/1.8/gems/actionpack-2.3.2/lib/action_controller/routing/route_set.rb:286:in `load_routes!'
    /Users/frankbardon/.gem/ruby/1.8/gems/actionpack-2.3.2/lib/action_controller/routing/route_set.rb:266:in `load!'
    /Users/frankbardon/.gem/ruby/1.8/gems/actionpack-2.3.2/lib/action_controller/routing/route_set.rb:281:in `reload'
    /Users/frankbardon/.gem/ruby/1.8/gems/actionpack-2.3.2/lib/action_controller/dispatcher.rb:59:in `reload_application'
    /Users/frankbardon/.gem/ruby/1.8/gems/actionpack-2.3.2/lib/action_controller/reloader.rb:8:in `call'
    /Users/frankbardon/.gem/ruby/1.8/gems/actionpack-2.3.2/lib/action_controller/failsafe.rb:11:in `call'
    /Library/Ruby/Gems/1.8/gems/rack-1.0.0/lib/rack/lock.rb:11:in `call'
    /Library/Ruby/Gems/1.8/gems/rack-1.0.0/lib/rack/lock.rb:11:in `synchronize'
    /Library/Ruby/Gems/1.8/gems/rack-1.0.0/lib/rack/lock.rb:11:in `call'
    /Users/frankbardon/.gem/ruby/1.8/gems/actionpack-2.3.2/lib/action_controller/dispatcher.rb:106:in `call'
    /Users/frankbardon/.gem/ruby/1.8/gems/rails-2.3.2/lib/rails/rack/static.rb:31:in `call'
    /Library/Ruby/Gems/1.8/gems/rack-1.0.0/lib/rack/urlmap.rb:46:in `call'
    /Library/Ruby/Gems/1.8/gems/rack-1.0.0/lib/rack/urlmap.rb:40:in `each'
    /Library/Ruby/Gems/1.8/gems/rack-1.0.0/lib/rack/urlmap.rb:40:in `call'
    /Users/frankbardon/.gem/ruby/1.8/gems/rails-2.3.2/lib/rails/rack/log_tailer.rb:17:in `call'
    /Library/Ruby/Gems/1.8/gems/rack-1.0.0/lib/rack/content_length.rb:13:in `call'
    /Library/Ruby/Gems/1.8/gems/rack-1.0.0/lib/rack/chunked.rb:15:in `call'
    /Library/Ruby/Gems/1.8/gems/rack-1.0.0/lib/rack/handler/mongrel.rb:61:in `process'
    /System/Library/Frameworks/Ruby.framework/Versions/1.8/usr/lib/ruby/gems/1.8/gems/mongrel-1.1.4/lib/mongrel.rb:159:in `process_client'
    /System/Library/Frameworks/Ruby.framework/Versions/1.8/usr/lib/ruby/gems/1.8/gems/mongrel-1.1.4/lib/mongrel.rb:158:in `each'
    /System/Library/Frameworks/Ruby.framework/Versions/1.8/usr/lib/ruby/gems/1.8/gems/mongrel-1.1.4/lib/mongrel.rb:158:in `process_client'
    /System/Library/Frameworks/Ruby.framework/Versions/1.8/usr/lib/ruby/gems/1.8/gems/mongrel-1.1.4/lib/mongrel.rb:285:in `run'
    /System/Library/Frameworks/Ruby.framework/Versions/1.8/usr/lib/ruby/gems/1.8/gems/mongrel-1.1.4/lib/mongrel.rb:285:in `initialize'
    /System/Library/Frameworks/Ruby.framework/Versions/1.8/usr/lib/ruby/gems/1.8/gems/mongrel-1.1.4/lib/mongrel.rb:285:in `new'
    /System/Library/Frameworks/Ruby.framework/Versions/1.8/usr/lib/ruby/gems/1.8/gems/mongrel-1.1.4/lib/mongrel.rb:285:in `run'
    /System/Library/Frameworks/Ruby.framework/Versions/1.8/usr/lib/ruby/gems/1.8/gems/mongrel-1.1.4/lib/mongrel.rb:268:in `initialize'
    /System/Library/Frameworks/Ruby.framework/Versions/1.8/usr/lib/ruby/gems/1.8/gems/mongrel-1.1.4/lib/mongrel.rb:268:in `new'
    /System/Library/Frameworks/Ruby.framework/Versions/1.8/usr/lib/ruby/gems/1.8/gems/mongrel-1.1.4/lib/mongrel.rb:268:in `run'
    /Library/Ruby/Gems/1.8/gems/rack-1.0.0/lib/rack/handler/mongrel.rb:34:in `run'
    /Users/frankbardon/.gem/ruby/1.8/gems/rails-2.3.2/lib/commands/server.rb:111
    /Library/Ruby/Site/1.8/rubygems/custom_require.rb:31:in `gem_original_require'
    /Library/Ruby/Site/1.8/rubygems/custom_require.rb:31:in `require'
    script/server:3


Processing UsersController#index (for 127.0.0.1 at 2009-06-08 21:13:14) [GET]

ActionController::UnknownAction (No action responded to index. Actions: create, edit, new, and update):
  

Rendering rescues/layout (not_found)


Processing UsersController#new (for 127.0.0.1 at 2009-06-08 21:13:16) [GET]
Rendering template within layouts/application
Rendering users/new
Rendered users/_form (3.3ms)
Completed in 14ms (View: 5, DB: 0) | 200 OK [http://localhost/users/new]


Processing UsersController#create (for 127.0.0.1 at 2009-06-08 21:17:17) [POST]
  Parameters: {"user"=>{"password_confirmation"=>"fb_sandy1984", "username"=>"frankbardon", "password"=>"fb_sandy1984", "email"=>"frankbardon@gmail.com"}, "commit"=>"Submit", "authenticity_token"=>"YDZalOe24hPdumkSgm1bo+pmnosUuZyFbY65WTF6rMI="}
  [4;36;1mUser Exists (0.2ms)[0m   [0;1mSELECT "users".id FROM "users" WHERE (LOWER("users"."email") = 'frankbardon@gmail.com') LIMIT 1[0m
  [4;35;1mUser Exists (0.1ms)[0m   [0mSELECT "users".id FROM "users" WHERE (LOWER("users"."username") = 'frankbardon') LIMIT 1[0m
  [4;36;1mUser Exists (0.1ms)[0m   [0;1mSELECT "users".id FROM "users" WHERE ("users"."persistence_token" = 'ce592f2283213e8f62413dae181a9bb0e599b896c2f31aa99e3065d4f0f70c58d4b86a83de722102778b44e6a4f1354f833842524c677ac9ffa331a60d1060eb') LIMIT 1[0m
  [4;35;1mUser Create (0.3ms)[0m   [0mINSERT INTO "users" ("updated_at", "crypted_password", "username", "password_salt", "persistence_token", "email", "created_at") VALUES('2009-06-09 01:17:17', 'c85e9a8d1c54cb03caf28cfd2bddf709b9aa1834269287f53587da8020ad6f2b475a7c1a9a664b13bf2a361f44c53db8ffa9f797bb06e38c9e7fb4c47b2171f3', 'frankbardon', 'XBfekVrJM_03xBwsGq7T', 'ce592f2283213e8f62413dae181a9bb0e599b896c2f31aa99e3065d4f0f70c58d4b86a83de722102778b44e6a4f1354f833842524c677ac9ffa331a60d1060eb', 'frankbardon@gmail.com', '2009-06-09 01:17:17')[0m
Redirected to http://localhost:3000/
Completed in 18ms (DB: 1) | 302 Found [http://localhost/users]


Processing UsersController#new (for 127.0.0.1 at 2009-06-08 21:17:44) [GET]
Rendering template within layouts/application
Rendering users/new
Rendered users/_form (5.6ms)
Completed in 25ms (View: 16, DB: 0) | 200 OK [http://localhost/users/new]
/!\ FAILSAFE /!\  Mon Jun 08 21:23:32 -0400 2009
  Status: 500 Internal Server Error
  undefined method `[]' for :pages:Symbol
    /Users/frankbardon/.gem/ruby/1.8/gems/actionpack-2.3.2/lib/action_controller/routing/route_set.rb:315:in `add_named_route'
    /Users/frankbardon/.gem/ruby/1.8/gems/actionpack-2.3.2/lib/action_controller/routing/route_set.rb:33:in `named_route'
    /Users/frankbardon/.gem/ruby/1.8/gems/actionpack-2.3.2/lib/action_controller/routing/route_set.rb:29:in `root'
    /Users/frankbardon/ruby/idea/config/routes.rb:8
    /Users/frankbardon/.gem/ruby/1.8/gems/actionpack-2.3.2/lib/action_controller/routing/route_set.rb:226:in `draw'
    /Users/frankbardon/ruby/idea/config/routes.rb:1
    /Users/frankbardon/.gem/ruby/1.8/gems/activesupport-2.3.2/lib/active_support/dependencies.rb:145:in `load_without_new_constant_marking'
    /Users/frankbardon/.gem/ruby/1.8/gems/activesupport-2.3.2/lib/active_support/dependencies.rb:145:in `load'
    /Users/frankbardon/.gem/ruby/1.8/gems/activesupport-2.3.2/lib/active_support/dependencies.rb:521:in `new_constants_in'
    /Users/frankbardon/.gem/ruby/1.8/gems/activesupport-2.3.2/lib/active_support/dependencies.rb:145:in `load'
    /Users/frankbardon/.gem/ruby/1.8/gems/actionpack-2.3.2/lib/action_controller/routing/route_set.rb:286:in `load_routes!'
    /Users/frankbardon/.gem/ruby/1.8/gems/actionpack-2.3.2/lib/action_controller/routing/route_set.rb:286:in `each'
    /Users/frankbardon/.gem/ruby/1.8/gems/actionpack-2.3.2/lib/action_controller/routing/route_set.rb:286:in `load_routes!'
    /Users/frankbardon/.gem/ruby/1.8/gems/actionpack-2.3.2/lib/action_controller/routing/route_set.rb:266:in `load!'
    /Users/frankbardon/.gem/ruby/1.8/gems/actionpack-2.3.2/lib/action_controller/routing/route_set.rb:281:in `reload'
    /Users/frankbardon/.gem/ruby/1.8/gems/actionpack-2.3.2/lib/action_controller/dispatcher.rb:59:in `reload_application'
    /Users/frankbardon/.gem/ruby/1.8/gems/actionpack-2.3.2/lib/action_controller/reloader.rb:8:in `call'
    /Users/frankbardon/.gem/ruby/1.8/gems/actionpack-2.3.2/lib/action_controller/failsafe.rb:11:in `call'
    /Library/Ruby/Gems/1.8/gems/rack-1.0.0/lib/rack/lock.rb:11:in `call'
    /Library/Ruby/Gems/1.8/gems/rack-1.0.0/lib/rack/lock.rb:11:in `synchronize'
    /Library/Ruby/Gems/1.8/gems/rack-1.0.0/lib/rack/lock.rb:11:in `call'
    /Users/frankbardon/.gem/ruby/1.8/gems/actionpack-2.3.2/lib/action_controller/dispatcher.rb:106:in `call'
    /Users/frankbardon/.gem/ruby/1.8/gems/rails-2.3.2/lib/rails/rack/static.rb:31:in `call'
    /Library/Ruby/Gems/1.8/gems/rack-1.0.0/lib/rack/urlmap.rb:46:in `call'
    /Library/Ruby/Gems/1.8/gems/rack-1.0.0/lib/rack/urlmap.rb:40:in `each'
    /Library/Ruby/Gems/1.8/gems/rack-1.0.0/lib/rack/urlmap.rb:40:in `call'
    /Users/frankbardon/.gem/ruby/1.8/gems/rails-2.3.2/lib/rails/rack/log_tailer.rb:17:in `call'
    /Library/Ruby/Gems/1.8/gems/rack-1.0.0/lib/rack/content_length.rb:13:in `call'
    /Library/Ruby/Gems/1.8/gems/rack-1.0.0/lib/rack/chunked.rb:15:in `call'
    /Library/Ruby/Gems/1.8/gems/rack-1.0.0/lib/rack/handler/mongrel.rb:61:in `process'
    /System/Library/Frameworks/Ruby.framework/Versions/1.8/usr/lib/ruby/gems/1.8/gems/mongrel-1.1.4/lib/mongrel.rb:159:in `process_client'
    /System/Library/Frameworks/Ruby.framework/Versions/1.8/usr/lib/ruby/gems/1.8/gems/mongrel-1.1.4/lib/mongrel.rb:158:in `each'
    /System/Library/Frameworks/Ruby.framework/Versions/1.8/usr/lib/ruby/gems/1.8/gems/mongrel-1.1.4/lib/mongrel.rb:158:in `process_client'
    /System/Library/Frameworks/Ruby.framework/Versions/1.8/usr/lib/ruby/gems/1.8/gems/mongrel-1.1.4/lib/mongrel.rb:285:in `run'
    /System/Library/Frameworks/Ruby.framework/Versions/1.8/usr/lib/ruby/gems/1.8/gems/mongrel-1.1.4/lib/mongrel.rb:285:in `initialize'
    /System/Library/Frameworks/Ruby.framework/Versions/1.8/usr/lib/ruby/gems/1.8/gems/mongrel-1.1.4/lib/mongrel.rb:285:in `new'
    /System/Library/Frameworks/Ruby.framework/Versions/1.8/usr/lib/ruby/gems/1.8/gems/mongrel-1.1.4/lib/mongrel.rb:285:in `run'
    /System/Library/Frameworks/Ruby.framework/Versions/1.8/usr/lib/ruby/gems/1.8/gems/mongrel-1.1.4/lib/mongrel.rb:268:in `initialize'
    /System/Library/Frameworks/Ruby.framework/Versions/1.8/usr/lib/ruby/gems/1.8/gems/mongrel-1.1.4/lib/mongrel.rb:268:in `new'
    /System/Library/Frameworks/Ruby.framework/Versions/1.8/usr/lib/ruby/gems/1.8/gems/mongrel-1.1.4/lib/mongrel.rb:268:in `run'
    /Library/Ruby/Gems/1.8/gems/rack-1.0.0/lib/rack/handler/mongrel.rb:34:in `run'
    /Users/frankbardon/.gem/ruby/1.8/gems/rails-2.3.2/lib/commands/server.rb:111
    /Library/Ruby/Site/1.8/rubygems/custom_require.rb:31:in `gem_original_require'
    /Library/Ruby/Site/1.8/rubygems/custom_require.rb:31:in `require'
    script/server:3


Processing PagesController#index (for 127.0.0.1 at 2009-06-08 21:24:19) [GET]
Rendering template within layouts/application
Rendering pages/index
Completed in 11ms (View: 9, DB: 0) | 200 OK [http://localhost/pages]


Processing UserSessionsController#new (for 127.0.0.1 at 2009-06-08 21:24:23) [GET]
Rendering template within layouts/application
Rendering user_sessions/new
Completed in 17ms (View: 6, DB: 0) | 200 OK [http://localhost/user_sessions/new]


Processing UserSessionsController#create (for 127.0.0.1 at 2009-06-08 21:24:29) [POST]
  Parameters: {"commit"=>"Submit", "user_session"=>{"username"=>"frankbardon", "password"=>"fb_sandy1984"}, "authenticity_token"=>"YDZalOe24hPdumkSgm1bo+pmnosUuZyFbY65WTF6rMI="}
  [4;36;1mUser Load (0.4ms)[0m   [0;1mSELECT * FROM "users" WHERE (LOWER("users".username) = 'frankbardon') LIMIT 1[0m
Redirected to http://localhost:3000/
Completed in 20ms (DB: 0) | 302 Found [http://localhost/user_sessions]


Processing PagesController#index (for 127.0.0.1 at 2009-06-08 21:24:52) [GET]
Rendering template within layouts/application
Rendering pages/index
Completed in 3ms (View: 1, DB: 0) | 200 OK [http://localhost/pages]


Processing PagesController#index (for 127.0.0.1 at 2009-06-08 21:31:24) [GET]
  Parameters: {"action"=>"index", "controller"=>"pages"}
Rendering template within layouts/application
Rendering pages/index
  [4;35;1mUser Load (0.4ms)[0m   [0mSELECT * FROM "users" WHERE ("users"."id" = '2') LIMIT 1[0m

ActionView::TemplateError (undefined method `show_title?' for #<ActionView::Base:0x24dc4f0>) on line #24 of app/views/layouts/application.html.erb:
21:         <%= content_tag :div, msg, :id => "flash_#{name}" %>
22:       <%- end -%>
23:       
24:       <%- if show_title? -%>
25:         <h1><%=h yield(:title) %></h1>
26:       <%- end -%>
27:       

    app/views/layouts/application.html.erb:24

Rendered rescues/_trace (105.6ms)
Rendered rescues/_request_and_response (1.5ms)
Rendering rescues/layout (internal_server_error)


Processing PagesController#index (for 127.0.0.1 at 2009-06-08 21:32:03) [GET]
  Parameters: {"action"=>"index", "controller"=>"pages"}
Rendering template within layouts/application
Rendering pages/index
  [4;36;1mUser Load (0.4ms)[0m   [0;1mSELECT * FROM "users" WHERE ("users"."id" = '2') LIMIT 1[0m
Completed in 17ms (View: 14, DB: 0) | 200 OK [http://localhost/pages]


Processing UsersController#edit (for 127.0.0.1 at 2009-06-08 21:32:06) [GET]
  Parameters: {"action"=>"edit", "id"=>"current", "controller"=>"users"}
  [4;35;1mUser Load (0.2ms)[0m   [0mSELECT * FROM "users" WHERE ("users"."id" = 0) [0m

ActiveRecord::RecordNotFound (Couldn't find User with ID=current):
  app/controllers/users_controller.rb:17:in `edit'

Rendered rescues/_trace (36.9ms)
Rendered rescues/_request_and_response (0.3ms)
Rendering rescues/layout (not_found)


Processing UsersController#edit (for 127.0.0.1 at 2009-06-08 21:33:23) [GET]
  Parameters: {"action"=>"edit", "id"=>"current", "controller"=>"users"}
  [4;36;1mUser Load (0.4ms)[0m   [0;1mSELECT * FROM "users" WHERE ("users"."id" = '2') LIMIT 1[0m
Rendering template within layouts/application
Rendering users/edit
Rendered users/_form (3.1ms)
Completed in 25ms (View: 10, DB: 0) | 200 OK [http://localhost/users/current/edit]


Processing UsersController#update (for 127.0.0.1 at 2009-06-08 21:33:29) [PUT]
  Parameters: {"user"=>{"password_confirmation"=>"[FILTERED]", "username"=>"frankbardon", "password"=>"[FILTERED]", "email"=>"frankbardon@gmail.coms"}, "commit"=>"Submit", "action"=>"update", "_method"=>"put", "authenticity_token"=>"YDZalOe24hPdumkSgm1bo+pmnosUuZyFbY65WTF6rMI=", "id"=>"2", "controller"=>"users"}
  [4;35;1mUser Load (0.4ms)[0m   [0mSELECT * FROM "users" WHERE ("users"."id" = '2') LIMIT 1[0m
  [4;36;1mUser Exists (0.2ms)[0m   [0;1mSELECT "users".id FROM "users" WHERE (LOWER("users"."email") = 'frankbardon@gmail.coms' AND "users".id <> 2) LIMIT 1[0m
  [4;35;1mUser Update (0.4ms)[0m   [0mUPDATE "users" SET "email" = 'frankbardon@gmail.coms', "updated_at" = '2009-06-09 01:33:29' WHERE "id" = 2[0m
Redirected to http://localhost:3000/
Completed in 117ms (DB: 1) | 302 Found [http://localhost/users/2]


Processing PagesController#index (for 127.0.0.1 at 2009-06-08 21:33:29) [GET]
  Parameters: {"action"=>"index", "controller"=>"pages"}
Rendering template within layouts/application
Rendering pages/index
  [4;36;1mUser Load (0.4ms)[0m   [0;1mSELECT * FROM "users" WHERE ("users"."id" = '2') LIMIT 1[0m
Completed in 17ms (View: 14, DB: 0) | 200 OK [http://localhost/]


Processing UsersController#edit (for 127.0.0.1 at 2009-06-08 21:33:31) [GET]
  Parameters: {"action"=>"edit", "id"=>"current", "controller"=>"users"}
  [4;35;1mUser Load (0.4ms)[0m   [0mSELECT * FROM "users" WHERE ("users"."id" = '2') LIMIT 1[0m
Rendering template within layouts/application
Rendering users/edit
Rendered users/_form (1.7ms)
Completed in 75ms (View: 3, DB: 0) | 200 OK [http://localhost/users/current/edit]


Processing UsersController#update (for 127.0.0.1 at 2009-06-08 21:33:33) [PUT]
  Parameters: {"user"=>{"password_confirmation"=>"[FILTERED]", "username"=>"frankbardon", "password"=>"[FILTERED]", "email"=>"frankbardon@gmail.com"}, "commit"=>"Submit", "action"=>"update", "_method"=>"put", "authenticity_token"=>"YDZalOe24hPdumkSgm1bo+pmnosUuZyFbY65WTF6rMI=", "id"=>"2", "controller"=>"users"}
  [4;36;1mUser Load (0.4ms)[0m   [0;1mSELECT * FROM "users" WHERE ("users"."id" = '2') LIMIT 1[0m
  [4;35;1mUser Exists (0.1ms)[0m   [0mSELECT "users".id FROM "users" WHERE (LOWER("users"."email") = 'frankbardon@gmail.com' AND "users".id <> 2) LIMIT 1[0m
  [4;36;1mUser Update (0.3ms)[0m   [0;1mUPDATE "users" SET "email" = 'frankbardon@gmail.com', "updated_at" = '2009-06-09 01:33:33' WHERE "id" = 2[0m
Redirected to http://localhost:3000/
Completed in 19ms (DB: 1) | 302 Found [http://localhost/users/2]


Processing PagesController#index (for 127.0.0.1 at 2009-06-08 21:33:33) [GET]
  Parameters: {"action"=>"index", "controller"=>"pages"}
Rendering template within layouts/application
Rendering pages/index
  [4;35;1mUser Load (0.4ms)[0m   [0mSELECT * FROM "users" WHERE ("users"."id" = '2') LIMIT 1[0m
Completed in 17ms (View: 15, DB: 0) | 200 OK [http://localhost/]


Processing UserSessionsController#destroy (for 127.0.0.1 at 2009-06-08 21:33:56) [GET]
  Parameters: {"action"=>"destroy", "controller"=>"user_sessions"}
  [4;36;1mUser Load (0.4ms)[0m   [0;1mSELECT * FROM "users" WHERE ("users"."id" = '2') LIMIT 1[0m
Redirected to http://localhost:3000/
Completed in 16ms (DB: 0) | 302 Found [http://localhost/logout]


Processing PagesController#index (for 127.0.0.1 at 2009-06-08 21:33:56) [GET]
  Parameters: {"action"=>"index", "controller"=>"pages"}
Rendering template within layouts/application
Rendering pages/index
Completed in 13ms (View: 12, DB: 0) | 200 OK [http://localhost/]


Processing UserSessionsController#destroy (for 127.0.0.1 at 2009-06-08 21:35:24) [GET]
  Parameters: {"action"=>"destroy", "controller"=>"user_sessions"}

NoMethodError (You have a nil object when you didn't expect it!
You might have expected an instance of ActiveRecord::Base.
The error occurred while evaluating nil.destroy):
  app/controllers/user_sessions_controller.rb:18:in `destroy'

Rendered rescues/_trace (39.2ms)
Rendered rescues/_request_and_response (0.3ms)
Rendering rescues/layout (internal_server_error)


Processing UsersController#show (for 127.0.0.1 at 2009-06-08 21:37:09) [GET]
  Parameters: {"action"=>"show", "id"=>"2", "controller"=>"users"}

ActionController::UnknownAction (No action responded to show. Actions: create, edit, new, and update):
  

Rendering rescues/layout (not_found)


Processing UsersController#edit (for 127.0.0.1 at 2009-06-08 21:37:10) [GET]
  Parameters: {"action"=>"edit", "id"=>"current", "controller"=>"users"}
Rendering template within layouts/application
Rendering users/edit

ActionView::TemplateError (Called id for nil, which would mistakenly be 4 -- if you really wanted the id of nil, use object_id) on line #1 of app/views/users/_form.html.erb:
1: <% form_for @user do |f| %>
2:   <%= f.error_messages %>
3:   <p>
4:     <%= f.label :username %><br />

    app/views/users/_form.html.erb:1
    app/views/users/edit.html.erb:3

Rendered rescues/_trace (54.1ms)
Rendered rescues/_request_and_response (0.3ms)
Rendering rescues/layout (internal_server_error)


Processing PagesController#index (for 127.0.0.1 at 2009-06-08 21:37:15) [GET]
  Parameters: {"action"=>"index", "controller"=>"pages"}
Rendering template within layouts/application
Rendering pages/index
Completed in 13ms (View: 11, DB: 0) | 200 OK [http://localhost/pages]


Processing UserSessionsController#index (for 127.0.0.1 at 2009-06-08 21:37:15) [GET]
  Parameters: {"action"=>"index", "controller"=>"user_sessions"}

ActionController::UnknownAction (No action responded to index. Actions: create, destroy, and new):
  

Rendering rescues/layout (not_found)


Processing UserSessionsController#new (for 127.0.0.1 at 2009-06-08 21:37:16) [GET]
  Parameters: {"action"=>"new", "controller"=>"user_sessions"}
Rendering template within layouts/application
Rendering user_sessions/new
Completed in 16ms (View: 3, DB: 0) | 200 OK [http://localhost/user_sessions/new]


Processing UsersController#new (for 127.0.0.1 at 2009-06-08 21:37:16) [GET]
  Parameters: {"action"=>"new", "controller"=>"users"}
Rendering template within layouts/application
Rendering users/new
Rendered users/_form (3.3ms)
Completed in 19ms (View: 10, DB: 0) | 200 OK [http://localhost/users/new]


Processing UsersController#index (for 127.0.0.1 at 2009-06-08 21:37:17) [GET]
  Parameters: {"action"=>"index", "controller"=>"users"}

ActionController::UnknownAction (No action responded to index. Actions: create, edit, new, and update):
  

Rendering rescues/layout (not_found)


Processing PagesController#index (for 127.0.0.1 at 2009-06-08 21:37:17) [GET]
  Parameters: {"action"=>"index", "controller"=>"pages"}
Rendering template within layouts/application
Rendering pages/index
Completed in 13ms (View: 11, DB: 0) | 200 OK [http://localhost/]


Processing UsersController#show (for 127.0.0.1 at 2009-06-08 21:37:30) [GET]
  Parameters: {"action"=>"show", "id"=>"create", "controller"=>"users"}

ActionController::UnknownAction (No action responded to show. Actions: create, edit, new, and update):
  

Rendering rescues/layout (not_found)


Processing UsersController#show (for 127.0.0.1 at 2009-06-08 21:37:30) [GET]
  Parameters: {"action"=>"show", "id"=>"edit", "controller"=>"users"}

ActionController::UnknownAction (No action responded to show. Actions: create, edit, new, and update):
  

Rendering rescues/layout (not_found)
